Arguments: 
  C:\Program Files\nodejs\node.exe C:\Users\santhosh\.node\corepack\yarn\1.22.15\bin\yarn.js start

PATH: 
  C:\Program Files\PowerShell\7;C:\Program Files\Python\Scripts\;C:\Program Files\Python\;C:\windows\system32;C:\windows;C:\windows\System32\Wbem;C:\windows\System32\WindowsPowerShell\v1.0\;C:\windows\System32\OpenSSH\;C:\Program Files (x86)\NVIDIA Corporation\PhysX\Common;C:\Program Files\NVIDIA Corporation\NVIDIA NvDLISR;C:\Program Files\Git\cmd;C:\Program Files\nodejs\;C:\Program Files\Git\bin\;C:\Program Files\Git\cmd\;C:\Program Files\PuTTY\;C:\Program Files\PowerShell\7\;C:\xampp\php;C:\composer;;C:\Program Files\Docker\Docker\resources\bin;C:\ProgramData\DockerDesktop\version-bin;C:\Users\santhosh\AppData\Local\pnpm;C:\Users\santhosh\AppData\Local\Microsoft\WindowsApps;;C:\Users\santhosh\AppData\Local\Programs\Microsoft VS Code\bin;C:\Users\santhosh\AppData\Roaming\npm;C:\Users\santhosh\AppData\Roaming\Composer\vendor\bin;C:\Program Files\heroku\bin

Yarn version: 
  1.22.15

Node version: 
  16.13.0

Platform: 
  win32 x64

Trace: 
  Invariant Violation: Script must exist
      at invariant (C:\Users\santhosh\.node\corepack\yarn\1.22.15\lib\cli.js:2314:15)
      at C:\Users\santhosh\.node\corepack\yarn\1.22.15\lib\cli.js:61539:11
      at Generator.next (<anonymous>)
      at step (C:\Users\santhosh\.node\corepack\yarn\1.22.15\lib\cli.js:310:30)
      at C:\Users\santhosh\.node\corepack\yarn\1.22.15\lib\cli.js:328:14
      at new Promise (<anonymous>)
      at new F (C:\Users\santhosh\.node\corepack\yarn\1.22.15\lib\cli.js:5301:28)
      at C:\Users\santhosh\.node\corepack\yarn\1.22.15\lib\cli.js:307:12
      at realRunCommand (C:\Users\santhosh\.node\corepack\yarn\1.22.15\lib\cli.js:61624:23)
      at action.action (C:\Users\santhosh\.node\corepack\yarn\1.22.15\lib\cli.js:61685:16)

npm manifest: 
  {
    "name": "docker-sql-node-boilterplate",
    "version": "1.0.0",
    "description": "This is node js boilerplate with express-sql-docker ",
    "main": "index.js",
    "scripts": {
      "start": "",
      "start:dev": "cross-env NODE_ENV=development webpack",
      "run:dev": "cross-env NODE_ENV=development nodemon build/index.js",
      "build": "webpack",
      "test": "jest"
    },
    "author": "",
    "license": "ISC",
    "dependencies": {
      "@types/jest": "^27.4.1",
      "@types/node": "^17.0.21",
      "cross-env": "^7.0.3",
      "express": "^4.17.3",
      "helmet": "^5.0.2",
      "jest": "^27.5.1",
      "mysql": "^2.18.1",
      "supertest": "^6.2.2",
      "ts-jest": "^27.1.3",
      "ts-loader": "^9.2.6",
      "typescript": "^4.6.2",
      "webpack": "^5.69.1",
      "webpack-node-externals": "^3.0.0",
      "webpack-shell-plugin": "^0.5.0",
      "webpack-shell-plugin-next": "^2.2.2"
    },
    "devDependencies": {
      "@types/express": "^4.17.13",
      "webpack-cli": "^4.9.2"
    }
  }

yarn manifest: 
  No manifest

Lockfile: 
  No lockfile
